Build started 18/02/2015 05:25:15 ب.ظ.
     1>Project "C:\Users\Martional\Documents\Visual Studio 2012\Projects\Store House Project\Store Hose Project\Store Hose Project.vcxproj" on node 2 (Build target(s)).
     1>ClCompile:
         C:\Program Files (x86)\Microsoft Visual Studio 11.0\VC\bin\CL.exe /c /ZI /nologo /W3 /WX- /sdl /Od /Oy- /D WIN32 /D _DEBUG /D _CONSOLE /D _UNICODE /D UNICODE /Gm /EHsc /RTC1 /MDd /GS /fp:precise /Zc:wchar_t /Zc:forScope /Fo"Debug\\" /Fd"Debug\vc110.pdb" /Gd /TP /analyze- /errorReport:prompt Buyer_Seller.cpp Information.cpp Product.cpp main.cpp Store_House.cpp
         Store_House.cpp
         main.cpp
         Product.cpp
         Information.cpp
         Buyer_Seller.cpp
         Generating Code...
     1>c:\users\martional\documents\visual studio 2012\projects\store house project\store hose project\information.cpp(29): warning C4715: 'Information::Question_sure' : not all control paths return a value
       Link:
         C:\Program Files (x86)\Microsoft Visual Studio 11.0\VC\bin\link.exe /ERRORREPORT:PROMPT /OUT:"C:\Users\Martional\Documents\Visual Studio 2012\Projects\Store House Project\Debug\Store House Project.exe" /INCREMENTAL /NOLOGO kernel32.lib user32.lib gdi32.lib winspool.lib comdlg32.lib advapi32.lib shell32.lib ole32.lib oleaut32.lib uuid.lib odbc32.lib odbccp32.lib /MANIFEST /MANIFESTUAC:"level='asInvoker' uiAccess='false'" /manifest:embed /DEBUG /PDB:"C:\Users\Martional\Documents\Visual Studio 2012\Projects\Store House Project\Debug\Store House Project.pdb" /SUBSYSTEM:CONSOLE /TLBID:1 /DYNAMICBASE /NXCOMPAT /IMPLIB:"C:\Users\Martional\Documents\Visual Studio 2012\Projects\Store House Project\Debug\Store House Project.lib" /MACHINE:X86 Debug\Buyer_Seller.obj
         Debug\Information.obj
         Debug\Product.obj
         Debug\main.obj
         Debug\Store_House.obj
         Store Hose Project.vcxproj -> C:\Users\Martional\Documents\Visual Studio 2012\Projects\Store House Project\Debug\Store House Project.exe
     1>Done Building Project "C:\Users\Martional\Documents\Visual Studio 2012\Projects\Store House Project\Store Hose Project\Store Hose Project.vcxproj" (Build target(s)).

Build succeeded.

Time Elapsed 00:00:06.04
