C:\USERS\MOSTAFA\DOCUMENTS\VISUAL STUDIO 2012\PROJECTS\STORE HOSE PROJECT\STORE HOSE PROJECT\DEBUG\BUYER_SELLER.OBJ
C:\USERS\MOSTAFA\DOCUMENTS\VISUAL STUDIO 2012\PROJECTS\STORE HOSE PROJECT\STORE HOSE PROJECT\DEBUG\INFORMATION.OBJ
C:\USERS\MOSTAFA\DOCUMENTS\VISUAL STUDIO 2012\PROJECTS\STORE HOSE PROJECT\STORE HOSE PROJECT\DEBUG\COMMODITY.OBJ
C:\USERS\MOSTAFA\DOCUMENTS\VISUAL STUDIO 2012\PROJECTS\STORE HOSE PROJECT\STORE HOSE PROJECT\DEBUG\MAIN.OBJ
C:\USERS\MOSTAFA\DOCUMENTS\VISUAL STUDIO 2012\PROJECTS\STORE HOSE PROJECT\STORE HOSE PROJECT\DEBUG\STORE_HOUSE.OBJ
C:\USERS\MOSTAFA\DOCUMENTS\VISUAL STUDIO 2012\PROJECTS\STORE HOSE PROJECT\STORE HOSE PROJECT\DEBUG\VC110.PDB
C:\Users\Mostafa\Documents\Visual Studio 2012\Projects\Store Hose Project\Store Hose Project\Debug\Buyer_Seller.obj
C:\Users\Mostafa\Documents\Visual Studio 2012\Projects\Store Hose Project\Store Hose Project\Debug\Commodity.obj
C:\Users\Mostafa\Documents\Visual Studio 2012\Projects\Store Hose Project\Store Hose Project\Debug\Information.obj
C:\Users\Mostafa\Documents\Visual Studio 2012\Projects\Store Hose Project\Store Hose Project\Debug\main.obj
C:\Users\Mostafa\Documents\Visual Studio 2012\Projects\Store Hose Project\Store Hose Project\Debug\Store_House.obj
C:\Users\Mostafa\Documents\Visual Studio 2012\Projects\Store Hose Project\Store Hose Project\Debug\cl.command.1.tlog
C:\Users\Mostafa\Documents\Visual Studio 2012\Projects\Store Hose Project\Store Hose Project\Debug\CL.read.1.tlog
C:\Users\Mostafa\Documents\Visual Studio 2012\Projects\Store Hose Project\Store Hose Project\Debug\CL.write.1.tlog
C:\Users\Mostafa\Documents\Visual Studio 2012\Projects\Store Hose Project\Store Hose Project\Debug\link.command.1.tlog
C:\Users\Mostafa\Documents\Visual Studio 2012\Projects\Store Hose Project\Store Hose Project\Debug\link.read.1.tlog
C:\Users\Mostafa\Documents\Visual Studio 2012\Projects\Store Hose Project\Store Hose Project\Debug\link.write.1.tlog
C:\Users\Mostafa\Documents\Visual Studio 2012\Projects\Store Hose Project\Store Hose Project\Debug\vc110.idb
C:\Users\Mostafa\Documents\Visual Studio 2012\Projects\Store Hose Project\Store Hose Project\Debug\vc110.pdb
C:\Users\Mostafa\Documents\Visual Studio 2012\Projects\Store Hose Project\Debug\Store House Project.exe
